0 16 69 71 72 73 74 75 76 78 79 80 81 82 83 84 85 86 87 88 89 91 93 94 95 96 97 98 31 2 54 11 44 41 7 19 57 28 8 25 34 52 39 46 13 27 51 35 32 21 66 22 37 23 24 63 26 64 40 67 43 42 38 50
0 16
0 91
0 98
0 84
0 89
0 73
0 72
0 85
0 81
0 71
0 74
0 87
0 78
0 83
0 96
0 88
0 75
0 97
0 80
0 76
0 82
0 79
0 69
0 95
0 94
0 93
0 86
16 35
87 28
89 31
93 37
96 41
31 26
2 54
54 32
11 19
44 19
41 63
41 34
7 28
7 19
7 57
57 66
28 67
8 52
8 25
52 37
39 40
46 42
13 27
13 51
27 40
51 32
32 23
21 66
22 37
22 23
37 43
37 42
24 63
26 64
64 38
67 50