69 1 8 58 40 3 4 13 17 36 57 5 49 55 38 43 23 42 46 10 80 85 95 24 12 22 83 89 14 52 63 65 66 76 27 77 18 37 62 78 96 98 21 45 97 48 29 30 31 32 33 99 73 47 44 82 71 56 50 67 64
69 80
1 8
8 42
58 40
40 18
3 13
4 57
4 17
13 89
17 77
36 48
57 55
57 89
57 76
57 97
5 49
49 45
55 82
55 30
38 27
38 31
43 52
43 48
43 82
23 24
42 99
46 22
10 80
10 85
85 66
85 18
95 98
95 73
24 14
24 12
24 21
22 63
22 37
83 52
89 31
14 52
14 66
14 63
52 44
52 71
65 47
65 64
66 96
66 78
77 64
18 62
62 29
96 50
98 45
45 44
31 32
32 33
32 99
56 50
50 67