80 78 22 77 79 9 51 49 52 50 1 36 35 33 34 4 41 43 42 44 11 55 53 56 54 19 72 70 71 69 17 68 66 67 65 31 95 93 96 94 3 39 37 40 38 28 90 92 89 91 26 85 87 86 88 15 63 61 64 62 20 73 75 74 76 0 14 13 60 58 59 57 32 98 97 30 2 8 29 24 82 84 81 83 21 5 7 48 46 47
80 78
78 22
22 77
22 9
22 1
22 4
22 11
22 19
22 17
22 31
22 3
22 28
22 26
22 15
22 20
22 0
22 14
22 13
22 32
22 30
22 2
22 8
22 29
22 24
22 21
22 5
22 7
77 79
9 51
9 52
51 49
52 50
1 36
1 35
36 34
35 33
4 41
4 42
41 43
42 44
11 55
11 56
55 53
56 54
19 72
19 71
72 70
71 69
17 68
17 67
68 66
67 65
31 95
31 96
95 93
96 94
3 39
3 40
39 37
40 38
28 90
28 89
90 92
89 91
26 85
26 86
85 87
86 88
15 63
15 64
63 61
64 62
20 73
20 74
73 75
74 76
13 60
13 59
60 58
59 57
32 98
32 97
24 82
24 81
82 84
81 83
7 48
7 47
48 46