2 4 6 8 11 12 14 17 18 20 22 23 24 26 29 27 30 32 34 35 31 36 38 40 41 37 39 42 44 46 47 43 45 48 50 52 53 49 54 56 58 59 55 57 60 62 64 65 61 66 68 70 71 72 74 76 77 73 75 78 80 83 84 86 89 90 92 95
2 4
4 6
6 8
6 11
11 12
12 17
12 14
17 18
18 20
20 22
22 23
23 24
24 26
24 29
26 27
29 30
30 35
30 34
32 34
35 31
35 36
36 38
36 40
38 39
40 37
41 37
41 42
42 47
42 44
44 46
44 45
47 48
47 43
48 53
50 52
52 53
53 54
53 49
54 59
54 56
56 57
58 55
59 60
59 55
60 62
60 64
64 65
65 66
65 61
66 71
66 70
68 70
71 72
72 77
72 74
74 75
76 73
76 77
77 78
78 80
78 83
83 84
84 89
84 86
89 90
90 92
90 95