46 48 6 45 47 29 91 89 92 90 30 93 95 94 96 26 85 87 86 88 1 36 34 35 33 3 40 38 39 37 24 82 81 83 84 8 49 51 50 52 9 22 78 80 77 79 10 53 55 54 56 13 60 59 57 58 4 42 44 41 43 7 32 98 97 31 2 19 71 72 69 70 17 68 66 67 65 23 20 73 74 76 75 25 21 18 14 61 63 62
46 48
46 6
48 7
6 45
6 29
6 30
6 26
6 1
6 3
6 24
6 8
6 9
6 22
6 10
6 13
6 4
6 32
6 31
6 2
6 19
6 17
6 23
6 20
6 25
6 21
6 18
6 14
45 47
29 91
29 92
91 89
92 90
30 93
30 94
93 95
94 96
26 85
26 86
85 87
86 88
1 36
1 35
36 34
35 33
3 40
3 39
40 38
39 37
24 82
24 81
82 84
81 83
8 49
8 50
49 51
50 52
22 78
22 77
78 80
77 79
10 53
10 54
53 55
54 56
13 60
13 59
60 58
59 57
4 42
4 41
42 44
41 43
32 98
32 97
19 71
19 72
71 69
72 70
17 68
17 67
68 66
67 65
20 73
20 74
73 75
74 76
14 61
14 62
61 63