63 62 60 65 59 66 68 57 56 54 53 51 50 48 47 69 71 72 74 75 45 44 42 41 39 38 36 35 33 32 30 29 27 26 24 23 21 20 18 17 15 14 12 11 9 8 6 5 3 2 77 78 80 81 83 84 86 87 89 90 92 93 95 96 98
63 62
63 65
62 60
60 59
65 66
59 57
66 68
68 69
57 56
56 54
54 53
53 51
51 50
50 48
48 47
47 45
69 71
71 72
72 74
74 75
75 77
45 44
44 42
42 41
41 39
39 38
38 36
36 35
35 33
33 32
32 30
30 29
29 27
27 26
26 24
24 23
23 21
21 20
20 18
18 17
17 15
15 14
14 12
12 11
11 9
9 8
8 6
6 5
5 3
3 2
77 78
78 80
80 81
81 83
83 84
84 86
86 87
87 89
89 90
90 92
92 93
93 95
95 96
96 98