40 38 3 39 37 23 79 80 78 77 18 70 69 72 71 7 48 47 45 46 28 90 92 89 91 5 44 43 42 41 9 51 52 50 49 11 56 54 55 53 14 62 61 63 64 20 74 76 73 75 12 58 60 57 59 29 6 2 19 30 93 95 94 96 8 16 66 68 65 67 21 32 97 98 25 84 82 83 81 10 0 33 35 34 36 1 31 22 26 86 88 85
40 38
40 3
38 2
3 39
3 23
3 18
3 7
3 28
3 5
3 9
3 11
3 14
3 20
3 12
3 29
3 6
3 19
3 30
3 8
3 16
3 21
3 32
3 25
3 10
3 0
3 1
3 31
3 22
3 26
39 37
23 79
23 80
79 77
80 78
18 70
18 69
70 72
69 71
7 48
7 47
48 46
47 45
28 90
28 89
90 92
89 91
5 44
5 43
44 42
43 41
9 51
9 52
51 49
52 50
11 56
11 55
56 54
55 53
14 62
14 61
62 64
61 63
20 74
20 73
74 76
73 75
12 58
12 57
58 60
57 59
30 93
30 94
93 95
94 96
16 66
16 65
66 68
65 67
32 97
32 98
25 84
25 83
84 82
83 81
0 33
0 34
33 35
34 36
26 86
26 85
86 88