59 57 12 58 60 0 33 35 34 36 18 69 71 70 72 9 52 51 50 49 11 56 54 55 53 27 88 86 87 85 31 95 93 96 94 4 41 43 42 44 16 65 67 66 68 13 26 10 24 82 84 81 83 22 78 80 77 79 6 46 45 47 48 28 90 89 91 92 19 1 21 75 73 76 74 15 63 61 64 62 8 17 2 38 40 37 39 32
59 57
59 13
57 12
12 58
12 0
12 18
12 9
12 11
12 27
12 31
12 4
12 16
12 26
12 10
12 24
12 22
12 6
12 28
12 19
12 1
12 21
12 15
12 8
12 17
12 2
12 32
58 60
0 33
0 34
33 35
34 36
18 69
18 70
69 71
70 72
9 52
9 51
52 50
51 49
11 56
11 55
56 54
55 53
27 88
27 87
88 86
87 85
31 95
31 96
95 93
96 94
4 41
4 42
41 43
42 44
16 65
16 66
65 67
66 68
24 82
24 81
82 84
81 83
22 78
22 77
78 80
77 79
6 46
6 45
46 48
45 47
28 90
28 89
90 92
89 91
21 75
21 76
75 73
76 74
15 63
15 64
63 61
64 62
2 38
2 37
38 40
37 39