59 11 58 60 99 90 62 12 63 24 97 98 30 66 13 61 36 64 52 9 54 75 16 72 15 74 25 0 26 71 70 27 92 22 93 53 91 21 65 1 3 35 77 17 76 69 14 68 67 78 88 94 23 96 95 83 19 84 57 10 55 73 79 18
59 11
59 66
59 52
11 58
11 60
58 30
58 75
60 99
99 90
99 24
99 83
90 62
90 21
62 12
12 63
12 61
24 97
24 98
30 1
66 13
66 69
13 64
13 65
61 36
36 3
52 9
9 54
9 53
75 16
75 72
16 74
16 73
72 15
15 71
15 70
74 25
74 92
25 0
25 57
0 26
0 27
26 94
71 77
92 22
22 93
22 91
21 88
3 35
77 17
77 79
17 76
17 78
69 14
14 68
14 67
94 23
23 96
23 95
83 19
19 84
57 10
10 55
79 18