0 61 63 66 67 68 69 70 71 72 73 74 75 76 78 80 81 82 83 84 86 87 88 89 90 91 92 93 95 97 98 99 12 2 22 33 14 5 20 6 56 9 21 10 24 13 17 64 16 38 19 25 30 42 59 26 45 29 34 41 43 58 48 55
0 74
0 83
0 66
0 71
0 95
0 89
0 87
0 88
0 68
0 69
0 67
0 63
0 61
0 91
0 92
0 75
0 84
0 76
0 99
0 97
0 90
0 86
0 98
0 81
0 72
0 78
0 73
0 80
0 93
0 82
0 70
61 26
63 25
63 10
70 6
74 12
75 13
76 14
78 16
81 19
83 22
95 38
97 41
98 42
2 22
33 25
14 17
5 20
20 25
56 41
9 21
21 30
24 13
64 38
25 59
30 59
42 34
59 29
59 55
26 45
45 48
43 58
43 48