0 1 25 26 27 28 29 2 13 31 32 23 24 39 21 6 8 9 19 43 44 45 46 49 52 53 54 10 20 55 56 57 11 16 58 59 12 61 62 64 65 66 22 73 74 17 77 78 18 79 80 84 85 89 90 92 95 97 98 99
0 27
0 25
0 26
1 28
1 29
26 55
27 74
28 32
29 85
2 31
2 32
13 64
13 66
13 65
31 49
23 95
24 99
24 98
24 97
39 44
21 90
21 89
6 43
6 44
6 45
8 49
9 52
9 54
9 53
19 84
45 62
45 58
45 92
45 95
46 78
53 58
10 56
10 55
20 85
55 58
57 85
11 58
11 59
16 74
16 73
58 99
59 65
12 61
12 62
64 89
22 92
17 78
17 77
78 80
18 79
18 80
79 85
84 90
85 97