1 85 29 96 10 40 94 88 2 27 56 49 16 45 37 28 95 13 97 38 60 23 8 73 36 12 34 53 89 3 25 50 79 41 99 63 30 54 43 61 19 17 57 15 58 44 91 90 18 22 7 83 21 70 0 51 64 11 92 33 48 39 69 98 31 86 14 82 42 65 55 72
1 85
1 29
1 96
1 50
85 56
85 90
29 10
29 27
96 88
96 79
10 40
10 94
10 25
10 58
94 2
94 43
88 49
88 48
27 11
56 28
49 16
49 45
49 37
45 36
45 39
37 65
28 95
28 63
95 13
95 97
95 60
95 21
13 38
13 18
97 44
60 23
23 8
23 17
23 33
8 73
36 12
36 54
36 15
12 34
12 53
34 3
34 91
53 89
50 69
79 41
79 99
41 14
99 51
63 30
63 70
54 83
43 61
61 19
19 42
17 57
17 0
91 55
18 22
22 7
70 92
0 86
51 64
51 72
33 82
69 98
98 31