0 1 99 2 3 98 97 4 5 96 95 6 7 94 93 8 9 92 91 10 11 90 89 12 13 88 87 14 15 86 85 16 17 84 83 18 19 82 81 20 21 80 79 22 23 78 77 24 25 76 75 26 27 74 73 28 29 72 71 30 31 70 69 32 33 68 67 34 35 66 65 36 37 64 63 38 39 62 61 40 41 60 59 42 43 58 57 44 45 56 55 46 47 54 53 48 49 52
0 1
0 99
1 2
99 98
2 3
3 4
98 97
97 96
4 5
5 6
96 95
95 94
6 7
7 8
94 93
93 92
8 9
9 10
92 91
91 90
10 11
11 12
90 89
89 88
12 13
13 14
88 87
87 86
14 15
15 16
86 85
85 84
16 17
17 18
84 83
83 82
18 19
19 20
82 81
81 80
20 21
21 22
80 79
79 78
22 23
23 24
78 77
77 76
24 25
25 26
76 75
75 74
26 27
27 28
74 73
73 72
28 29
29 30
72 71
71 70
30 31
31 32
70 69
69 68
32 33
33 34
68 67
67 66
34 35
35 36
66 65
65 64
36 37
37 38
64 63
63 62
38 39
39 40
62 61
61 60
40 41
41 42
60 59
59 58
42 43
43 44
58 57
57 56
44 45
45 46
56 55
55 54
46 47
47 48
54 53
53 52
48 49