47 7 46 48 84 62 12 61 73 16 74 86 42 5 41 40 88 21 20 87 26 0 25 60 75 27 70 15 72 71 91 22 92 93 69 64 76 17 78 89 14 96 23 85 90 65 13 79 18 81 80 98 24 99 95 19 83 43 77 45 6 44 56 10 58 11 29 1 30 32 2 33
47 7
47 84
7 46
7 48
46 62
84 19
62 12
62 73
62 65
12 61
61 98
73 16
73 29
16 74
16 75
74 86
74 42
86 88
86 20
42 5
42 64
42 77
5 41
5 40
41 76
40 60
88 21
21 89
21 90
20 87
20 85
87 26
26 0
0 25
0 27
25 56
60 91
75 96
27 70
70 15
70 69
15 72
15 71
72 45
71 79
91 22
22 92
22 93
69 14
76 17
17 78
96 23
23 95
65 13
79 18
18 81
18 80
80 58
98 24
24 99
95 43
19 83
45 6
6 44
44 32
56 10
58 11
29 1
1 30
32 2
2 33