0 2 25 24 62 63 64 66 67 68 69 70 71 72 73 75 76 77 78 79 80 81 82 83 84 86 87 88 89 91 92 93 94 95 96 97 98 99 3 44 5 42 37 9 58 11 56 12 59 41 16 40 17 20 22 26 54 32 35 27 30 50 60
0 69
0 86
0 64
0 68
0 24
0 87
0 99
0 71
0 25
0 73
0 94
0 88
0 2
0 83
0 96
0 81
0 75
0 95
0 91
0 93
0 80
0 70
0 79
0 82
0 76
0 78
0 67
0 92
0 84
0 98
0 77
0 89
0 72
0 63
0 66
0 97
0 62
25 9
24 54
24 32
24 41
24 35
70 12
75 17
97 50
3 44
44 12
5 37
5 42
42 22
37 41
37 30
9 11
9 58
11 56
56 60
59 20
59 16
16 40
17 20
20 26
27 30