0 1 10 4 5 14 8 9 19 11 20 12 13 15 16 27 17 18 29 21 30 22 31 25 26 28 39 40 32 35 36 37 49 38 41 50 42 43 44 45 46 51 47 48 59 60 52 53 55 56 65 57 58 69 61 70 62 66 67 77 68 79 80 73 76 89 81 90 82 83 84 85 86 99 88 91 92 93 94 96 97 98
0 1
0 10
10 20
10 11
4 5
5 14
14 13
8 9
9 19
19 18
19 29
11 12
20 30
20 21
12 13
15 27
15 16
16 17
27 26
17 18
29 39
29 28
21 22
30 40
22 31
31 32
25 26
39 49
39 38
40 50
40 41
35 36
36 37
37 38
49 59
49 48
41 42
50 60
50 51
43 44
44 45
45 51
45 46
46 47
51 52
47 48
59 69
59 58
60 70
60 61
52 53
55 56
56 57
65 66
57 58
69 79
69 68
61 62
70 80
66 77
66 67
67 68
77 76
79 89
80 90
80 81
80 73
89 99
89 88
81 82
90 91
83 84
84 85
85 86
86 99
99 98
91 92
92 93
93 94
96 97
97 98