49 50 51 52 53 48 47 46 54 45 55 44 56 57 58 59 43 42 60 61 41 40 39 62 38 63 64 37 36 35 65 34 66 67 33 32 68 69 31 30 29 28 70 71 72 73 27 26 25 74 75 24 23 76 77 78 22 21 79 20 80 19 81 18 17 82 83 16 15 84 14 85 13 86 87 12 88 11 89 10 9 90 91 8 7 92 93 6 94 5 95 4 3 96 2 97 98 1
49 50
49 48
50 51
51 52
52 53
53 54
48 47
47 46
46 45
54 55
45 44
55 56
44 43
56 57
57 58
58 59
59 60
43 42
42 41
60 61
61 62
41 40
40 39
39 38
62 63
38 37
63 64
64 65
37 36
36 35
35 34
65 66
34 33
66 67
67 68
33 32
32 31
68 69
69 70
31 30
30 29
29 28
28 27
70 71
71 72
72 73
73 74
27 26
26 25
25 24
74 75
75 76
24 23
23 22
76 77
77 78
78 79
22 21
21 20
79 80
20 19
80 81
19 18
81 82
18 17
17 16
82 83
83 84
16 15
15 14
84 85
14 13
85 86
13 12
86 87
87 88
12 11
88 89
11 10
89 90
10 9
9 8
90 91
91 92
8 7
7 6
92 93
93 94
6 5
94 95
5 4
95 96
4 3
3 2
96 97
2 1
97 98