73 75 21 76 74 7 47 45 48 46 8 50 49 52 51 18 70 72 69 71 30 93 94 96 95 23 79 77 80 78 20 0 33 34 35 36 27 88 86 87 85 6 12 58 60 57 59 13 2 38 40 37 39 14 61 63 62 64 4 42 41 43 44 22 11 55 53 56 54 1 15 17 67 68 66 65 19 29 91 89 92 90 25 83 84 82 81 31 16 24 9 10 32
73 75
73 20
75 21
21 76
21 7
21 8
21 18
21 30
21 23
21 0
21 27
21 6
21 12
21 13
21 2
21 14
21 4
21 22
21 11
21 1
21 15
21 17
21 19
21 29
21 25
21 31
21 16
21 24
21 9
21 10
21 32
76 74
7 47
7 48
47 45
48 46
8 50
8 49
50 52
49 51
18 70
18 69
70 72
69 71
30 93
30 94
93 95
94 96
23 79
23 80
79 77
80 78
0 33
0 34
33 35
34 36
27 88
27 87
88 86
87 85
12 58
12 57
58 60
57 59
2 38
2 37
38 40
37 39
14 61
14 62
61 63
62 64
4 42
4 41
42 44
41 43
11 55
11 56
55 53
56 54
17 67
17 68
67 65
68 66
29 91
29 92
91 89
92 90
25 83
25 84
83 81
84 82