2 3 4 10 12 13 6 7 15 18 17 21 23 27 25 19 32 22 33 20 34 35 39 41 40 38 44 45 46 48 51 47 49 50 52 61 53 55 56 59 57 58 65 64 67 68 73 70 72 71 76 77 74 88 79 82 85 87 89 86 91 99 90 96 97
2 3
3 4
4 13
10 6
10 13
12 13
12 18
13 21
6 7
15 25
15 27
18 19
18 32
17 21
17 23
23 25
19 20
19 33
19 22
33 35
33 34
34 39
35 41
39 38
41 44
41 40
44 45
45 46
45 51
46 48
46 47
51 49
49 50
50 52
52 55
52 53
52 61
55 59
55 56
59 58
59 65
57 58
65 64
65 68
65 67
67 73
73 72
73 77
70 76
70 71
71 77
76 74
77 88
77 79
88 89
79 82
85 87
85 89
87 86
89 99
86 91
91 90
99 97
96 97