1 0 3 98 96 2 94 99 5 7 4 97 92 9 11 6 8 10 12 14 95 13 15 93 91 90 88 86 89 16 18 20 22 24 17 19 84 82 26 21 23 28 87 85 80 78 76 25 27 29 83 81 79 31 77 74 72 30 32 75 33 35 70 34 73 71 68 37 66 69 36 38 67 65 40 39 64 41 42 43 44 63 46 61 59 62 60 57 58 55 56 45 47 48 50 53
1 0
1 3
1 99
0 98
0 2
3 5
98 96
96 94
2 4
94 92
99 97
5 7
7 9
4 6
97 95
92 90
9 11
11 13
6 8
8 10
10 12
12 14
14 16
95 93
13 15
15 17
93 91
91 89
90 88
88 86
86 84
89 87
16 18
18 20
20 22
22 24
24 26
17 19
19 21
84 82
82 80
26 28
21 23
23 25
28 30
87 85
85 83
80 78
78 76
76 74
25 27
27 29
29 31
83 81
81 79
79 77
31 33
77 75
74 72
72 70
30 32
32 34
75 73
33 35
35 37
70 68
34 36
73 71
71 69
68 66
37 39
66 64
69 67
36 38
38 40
67 65
65 63
40 42
39 41
64 62
41 43
42 44
43 45
44 46
63 61
46 48
61 59
59 57
62 60
60 58
57 55
58 56
55 53
45 47
48 50