8 4 10 16 23 12 27 21 29 30 6 33 34 36 2 37 3 39 15 40 20 42 26 43 44 0 46 17 47 50 51 52 53 55 58 60 61 62 64 66 67 28 38 68 11 70 72 73 74 14 76 79 80 81 83 84 86 87 89 90 91 92 93 94 95 97 98 99
8 4
8 67
8 10
10 51
10 89
16 90
23 33
23 12
12 43
27 21
27 72
21 30
21 94
29 58
30 37
6 64
6 84
33 50
34 97
36 2
36 83
2 68
37 3
3 92
3 53
39 93
39 15
15 90
40 91
40 80
20 60
42 26
42 55
26 62
44 68
44 95
44 0
0 53
0 98
46 17
17 52
47 94
50 72
51 87
52 70
58 92
60 80
61 98
61 76
62 64
64 79
66 74
67 38
67 28
28 70
38 73
68 11
11 87
73 91
74 14
14 80
14 86
79 81
81 89
86 99
87 97
93 99