1 2 3 4 5 6 7 8 11 12 13 14 15 16 17 18 21 22 23 24 25 26 27 28 31 32 33 34 35 36 37 38 41 42 43 44 45 46 47 48 51 52 53 54 55 56 57 58 61 62 63 64 65 66 67 68 71 72 73 74 75 76 77 78 81 82 83 84 85 86 87 88 91 92 93 94 95 96 97 98
1 2
2 3
3 4
4 5
4 14
5 6
6 7
7 8
11 12
12 13
13 14
14 15
14 24
15 16
16 17
17 18
21 22
22 23
23 24
24 25
24 34
25 26
26 27
27 28
31 32
32 33
33 34
34 35
34 44
35 36
36 37
37 38
41 42
42 43
43 44
44 45
44 54
45 46
46 47
47 48
51 52
52 53
53 54
54 55
54 64
55 56
56 57
57 58
61 62
62 63
63 64
64 65
64 74
65 66
66 67
67 68
71 72
72 73
73 74
74 75
74 84
75 76
76 77
77 78
81 82
82 83
83 84
84 85
84 94
85 86
86 87
87 88
91 92
92 93
93 94
94 95
95 96
96 97
97 98