63 61 14 62 64 8 49 51 50 52 17 68 66 67 65 30 94 93 95 96 10 53 55 54 56 22 77 79 78 80 18 70 72 69 71 13 59 57 60 58 21 75 76 73 74 1 35 36 33 34 5 43 41 44 42 23 25 84 82 83 81 29 92 90 91 89 20 31 27 88 87 85 86 3 40 38 39 37 28 19 0 7 48 46 47 45 11 9 6 16 15 2 12 26 32
63 61
63 15
61 14
14 62
14 8
14 17
14 30
14 10
14 22
14 18
14 13
14 21
14 1
14 5
14 23
14 25
14 29
14 20
14 31
14 27
14 3
14 28
14 19
14 0
14 7
14 11
14 9
14 6
14 16
14 2
14 12
14 26
14 32
62 64
8 49
8 50
49 51
50 52
17 68
17 67
68 66
67 65
30 94
30 93
94 96
93 95
10 53
10 54
53 55
54 56
22 77
22 78
77 79
78 80
18 70
18 69
70 72
69 71
13 59
13 60
59 57
60 58
21 75
21 76
75 73
76 74
1 35
1 36
35 33
36 34
5 43
5 44
43 41
44 42
25 84
25 83
84 82
83 81
29 92
29 91
92 90
91 89
27 88
27 87
88 86
87 85
3 40
3 39
40 38
39 37
7 48
7 47
48 46
47 45