15 47 49 45 50 44 43 42 16 51 48 14 13 12 11 52 53 54 10 17 18 19 20 9 8 41 46 55 56 57 7 6 5 40 39 4 3 21 22 58 23 2 24 38 37 1 0 25 36 35 59 60 61 26 27 69 68 28 34 62 33 63 64 29 67 30
15 47
15 49
15 45
15 50
15 16
15 48
15 14
15 46
45 44
50 51
44 43
43 42
42 41
16 17
51 52
14 13
13 12
12 11
11 10
52 53
53 54
54 55
10 9
17 18
18 19
19 20
20 21
9 8
8 7
41 40
55 56
56 57
57 58
7 6
6 5
5 4
40 39
39 38
4 3
3 2
21 22
22 23
58 59
23 24
2 1
24 25
38 37
37 36
1 0
0 69
25 26
36 35
35 34
59 60
60 61
61 62
26 27
27 28
69 68
68 67
28 29
34 33
62 63
63 64
29 30