57 59 12 58 60 32 97 98 0 34 36 33 35 5 43 41 44 42 1 15 63 61 64 62 14 30 93 95 94 96 27 87 88 86 85 23 79 77 80 78 3 40 38 39 37 9 51 49 52 50 28 89 91 90 92 21 76 74 75 73 10 54 53 55 56 6 45 47 46 48 25 83 81 84 82 29 26 20 2 4 19 71 69 72 70 31 13 17 67 68
57 59
57 12
59 13
12 58
12 32
12 0
12 5
12 1
12 15
12 14
12 30
12 27
12 23
12 3
12 9
12 28
12 21
12 10
12 6
12 25
12 29
12 26
12 20
12 2
12 4
12 19
12 31
12 17
58 60
32 97
32 98
0 34
0 33
34 36
33 35
5 43
5 44
43 41
44 42
15 63
15 64
63 61
64 62
30 93
30 94
93 95
94 96
27 87
27 88
87 85
88 86
23 79
23 80
79 77
80 78
3 40
3 39
40 38
39 37
9 51
9 52
51 49
52 50
28 89
28 90
89 91
90 92
21 76
21 75
76 74
75 73
10 54
10 53
54 56
53 55
6 45
6 46
45 47
46 48
25 83
25 84
83 81
84 82
19 71
19 72
71 69
72 70
17 67
17 68