44 42 5 43 41 17 68 66 67 65 25 83 81 84 82 32 97 98 27 87 88 85 86 0 33 35 34 36 12 57 59 58 60 29 91 89 92 90 14 61 62 63 64 19 72 70 71 69 31 96 95 93 94 24 28 26 20 74 76 73 75 2 37 39 38 40 10 54 56 53 55 16 8 49 50 52 51 7 48 46 47 45 21 30 15 1 4 3 9 13 22 78 77
44 42
44 5
42 4
5 43
5 17
5 25
5 32
5 27
5 0
5 12
5 29
5 14
5 19
5 31
5 24
5 28
5 26
5 20
5 2
5 10
5 16
5 8
5 7
5 21
5 30
5 15
5 1
5 3
5 9
5 13
5 22
43 41
17 68
17 67
68 66
67 65
25 83
25 84
83 81
84 82
32 97
32 98
27 87
27 88
87 85
88 86
0 33
0 34
33 35
34 36
12 57
12 58
57 59
58 60
29 91
29 92
91 89
92 90
14 61
14 62
61 63
62 64
19 72
19 71
72 70
71 69
31 96
31 95
96 94
95 93
20 74
20 73
74 76
73 75
2 37
2 38
37 39
38 40
10 54
10 53
54 56
53 55
8 49
8 50
49 51
50 52
7 48
7 47
48 46
47 45
22 78
22 77