32 2 3 19 4 5 20 21 6 7 8 9 24 10 11 13 25 12 36 14 39 40 17 26 18 23 27 22 28 29 31 30 43 44 35 37 42 46 47 48 49 50 51 55 58 59 60 63 61 64 69 66 75 67 79 80 78 72 77 81 73 84 89 88 90 95 92 93 91
32 30
2 3
3 4
19 18
4 21
4 5
4 20
5 60
5 7
5 8
5 6
21 23
7 58
8 9
24 25
24 23
10 13
11 36
11 12
11 13
13 25
36 40
36 37
14 40
39 47
39 48
17 27
26 28
26 27
26 29
26 18
18 23
23 22
27 31
29 44
29 43
31 30
43 42
35 37
35 46
46 47
48 49
49 50
50 51
51 93
55 58
59 63
59 61
60 61
63 64
64 69
69 75
66 67
75 84
75 88
67 72
79 78
79 80
79 95
80 77
78 72
72 73
77 81
73 84
89 90
88 90
95 92
92 91