57 59 12 58 60 0 34 36 33 35 26 85 86 88 87 19 71 69 72 70 1 11 56 54 55 53 14 61 63 62 64 10 28 89 91 90 92 31 96 94 95 93 17 67 65 68 66 18 32 98 97 3 40 39 37 38 23 80 79 78 77 27 2 8 49 51 50 52 30 9 15 24 82 81 83 84 25 20 74 76 73 75 13 5 44 43 42 41 29 7 47 45 48
57 59
57 12
59 13
12 58
12 0
12 26
12 19
12 1
12 11
12 14
12 10
12 28
12 31
12 17
12 18
12 32
12 3
12 23
12 27
12 2
12 8
12 30
12 9
12 15
12 24
12 25
12 20
12 5
12 29
12 7
58 60
0 34
0 33
34 36
33 35
26 85
26 86
85 87
86 88
19 71
19 72
71 69
72 70
11 56
11 55
56 54
55 53
14 61
14 62
61 63
62 64
28 89
28 90
89 91
90 92
31 96
31 95
96 94
95 93
17 67
17 68
67 65
68 66
32 98
32 97
3 40
3 39
40 38
39 37
23 80
23 79
80 78
79 77
8 49
8 50
49 51
50 52
24 82
24 81
82 84
81 83
20 74
20 73
74 76
73 75
5 44
5 43
44 42
43 41
7 47
7 48
47 45