0 1 6 7 8 9 10 11 14 15 16 17 18 20 21 22 23 26 27 28 31 32 33 34 35 36 37 40 41 42 45 46 47 50 51 52 55 56 57 58 59 60 61 64 67 68 69 70 71 72 75 76 77 80 81 82 83 84 85 88 89 90 91 92 93 94 95 96 99
0 1
0 8
1 31
6 64
6 7
7 8
8 9
9 10
10 92
10 11
14 15
15 16
16 17
17 18
18 23
20 21
20 60
21 22
22 23
26 27
26 71
27 28
31 32
32 33
33 34
34 60
34 35
35 36
36 37
40 41
41 82
41 42
42 51
45 90
45 46
46 47
50 90
50 51
51 52
55 56
56 57
57 58
58 59
59 60
60 61
61 72
67 68
67 77
68 69
69 70
70 71
71 72
72 99
75 76
76 77
80 81
81 82
82 83
83 84
84 85
88 89
89 90
90 91
91 92
92 93
93 94
94 95
95 96