0 7 4 44 75 78 79 80 81 82 83 84 85 86 87 88 89 90 91 92 95 96 97 98 99 1 3 66 63 50 37 30 38 6 20 9 15 10 48 62 61 70 13 40 14 53 73 64 17 32 54 22 72 24 55 57 25 27 28 56 29
0 44
0 92
0 4
0 89
0 98
0 86
0 7
0 87
0 84
0 79
0 82
0 81
0 91
0 90
0 99
0 88
0 83
0 80
0 75
0 78
0 85
0 95
0 96
0 97
4 37
4 30
44 15
44 53
83 10
97 28
1 3
3 63
3 50
66 10
50 40
50 53
30 27
38 62
38 22
6 20
20 70
9 15
15 64
10 48
10 62
10 61
61 25
61 29
70 17
13 40
14 53
14 73
64 57
17 32
32 29
54 27
22 72
24 57
24 55
28 56