3 4 6 8 11 12 13 14 17 21 22 24 25 27 28 29 31 32 33 34 35 36 37 38 39 40 42 43 44 45 46 47 50 51 52 53 54 55 56 57 60 61 62 63 64 65 66 67 68 69 70 71 73 74 75 76 78 79 80 81 82 83 84 85 86 87 88 89 90 91 92 93 0
3 6
4 8
6 13
8 17
11 22
12 25
12 24
13 27
14 28
14 29
17 35
21 42
22 45
25 51
27 54
28 56
31 63
32 64
33 64
34 65
35 65
36 66
37 66
38 67
39 67
40 68
42 69
43 69
44 70
45 70
46 71
47 71
50 73
51 73
52 74
53 74
54 75
55 75
56 76
57 76
60 78
61 78
62 79
63 79
64 80
65 80
66 81
67 81
68 82
69 82
70 83
71 83
73 84
74 85
75 85
76 86
78 87
79 87
80 88
81 88
82 89
83 89
84 90
85 90
86 91
87 91
88 92
89 92
90 93
91 93
92 0
93 0