97 32 98 13 59 57 60 58 22 78 77 80 79 20 73 75 74 76 29 91 89 92 90 17 67 65 68 66 21 19 72 70 71 69 8 49 51 50 52 0 33 35 34 36 28 3 40 38 39 37 10 54 56 53 55 14 62 64 61 63 6 45 46 48 47 27 87 85 88 86 30 93 95 94 96 7 12 9 31 1 5 44 42 43 41 11 23 26 18 2 4 16 15 25 83 81 84
97 32
32 98
32 13
32 22
32 20
32 29
32 17
32 21
32 19
32 8
32 0
32 28
32 3
32 10
32 14
32 6
32 27
32 30
32 7
32 12
32 9
32 31
32 1
32 5
32 11
32 23
32 26
32 18
32 2
32 4
32 16
32 15
32 25
13 59
13 60
59 57
60 58
22 78
22 77
78 80
77 79
20 73
20 74
73 75
74 76
29 91
29 92
91 89
92 90
17 67
17 68
67 65
68 66
19 72
19 71
72 70
71 69
8 49
8 50
49 51
50 52
0 33
0 34
33 35
34 36
3 40
3 39
40 38
39 37
10 54
10 53
54 56
53 55
14 62
14 61
62 64
61 63
6 45
6 46
45 47
46 48
27 87
27 88
87 85
88 86
30 93
30 94
93 95
94 96
5 44
5 43
44 42
43 41
25 83
25 84
83 81