0 30 40 4 66 67 68 69 71 72 73 74 75 76 77 78 79 80 82 83 84 85 86 87 88 89 90 91 92 93 94 95 96 97 98 99 22 2 28 57 29 48 6 31 7 8 58 9 35 55 10 42 11 15 59 12 43 49 13 41 45 46 32 61 39 56 64
0 75
0 30
0 93
0 78
0 66
0 94
0 4
0 68
0 88
0 40
0 95
0 77
0 76
0 99
0 83
0 80
0 82
0 84
0 97
0 96
0 86
0 74
0 69
0 92
0 67
0 89
0 98
0 71
0 91
0 90
0 87
0 73
0 72
0 79
0 85
30 32
4 29
4 48
68 7
69 8
92 39
94 41
95 42
97 46
22 46
2 28
2 57
28 11
57 61
57 39
48 56
6 31
31 61
8 58
9 55
9 35
55 41
10 42
11 59
11 15
12 49
12 43
49 45
49 39
13 41
61 64