34 36 0 33 35 18 70 72 69 71 25 84 82 83 81 28 90 89 91 92 20 73 74 76 75 13 60 58 59 57 6 46 45 48 47 9 51 49 52 50 3 40 38 39 37 7 22 78 80 77 79 21 23 24 4 42 44 41 43 19 32 97 98 5 17 67 65 68 66 16 31 96 94 95 93 1 26 86 85 87 88 8 29 11 56 54 55 53 10 15 63 61 64
34 36
34 0
36 1
0 33
0 18
0 25
0 28
0 20
0 13
0 6
0 9
0 3
0 7
0 22
0 21
0 23
0 24
0 4
0 19
0 32
0 5
0 17
0 16
0 31
0 26
0 8
0 29
0 11
0 10
0 15
33 35
18 70
18 69
70 72
69 71
25 84
25 83
84 82
83 81
28 90
28 89
90 92
89 91
20 73
20 74
73 75
74 76
13 60
13 59
60 58
59 57
6 46
6 45
46 48
45 47
9 51
9 52
51 49
52 50
3 40
3 39
40 38
39 37
22 78
22 77
78 80
77 79
4 42
4 41
42 44
41 43
32 97
32 98
17 67
17 68
67 65
68 66
31 96
31 95
96 94
95 93
26 86
26 85
86 88
85 87
11 56
11 55
56 54
55 53
15 63
15 64
63 61