82 84 24 81 83 3 40 39 38 37 13 60 58 59 57 28 89 91 90 92 8 50 49 51 52 11 56 54 55 53 25 29 19 72 71 69 70 14 62 64 61 63 12 1 35 33 36 34 5 44 42 43 41 21 75 73 76 74 9 17 67 65 68 66 20 10 30 93 95 94 96 23 80 79 77 78 18 26 86 85 88 87 7 48 46 47 45 32
82 84
82 24
84 25
24 81
24 3
24 13
24 28
24 8
24 11
24 29
24 19
24 14
24 12
24 1
24 5
24 21
24 9
24 17
24 20
24 10
24 30
24 23
24 18
24 26
24 7
24 32
81 83
3 40
3 39
40 38
39 37
13 60
13 59
60 58
59 57
28 89
28 90
89 91
90 92
8 50
8 49
50 52
49 51
11 56
11 55
56 54
55 53
19 72
19 71
72 70
71 69
14 62
14 61
62 64
61 63
1 35
1 36
35 33
36 34
5 44
5 43
44 42
43 41
21 75
21 76
75 73
76 74
17 67
17 68
67 65
68 66
30 93
30 94
93 95
94 96
23 80
23 79
80 78
79 77
26 86
26 85
86 88
85 87
7 48
7 47
48 46
47 45