0 1 2 3 4 5 6 7 8 9 10 11 12 13 14 15 16 18 26 27 24 30 31 32 28 29 19 20 21 22 23 34 35 36 37 38 39 89 90 91 42 48 51 52 53 54 56 57 60 45 61 64 65 69 72 68 75 76 85 86 78 80 84 93 94 83 96 98 99
0 1
1 2
1 72
1 99
2 3
3 4
4 5
4 20
4 90
4 57
5 6
6 7
6 78
7 8
8 9
8 98
9 85
9 10
10 11
10 28
11 12
12 13
13 14
14 15
15 16
18 19
26 27
27 28
24 23
30 29
30 31
31 48
31 60
31 32
32 54
28 23
28 29
29 76
19 20
20 21
22 23
34 78
34 80
34 35
35 36
36 37
37 38
38 39
89 84
90 91
42 76
51 52
52 53
53 54
56 93
56 45
56 57
60 61
45 65
64 65
69 72
69 68
68 96
75 76
85 84
85 86
84 83
93 94