97 32 98 22 77 79 78 80 18 70 72 69 71 28 89 90 92 91 21 75 73 76 74 15 63 61 64 62 24 82 84 81 83 29 5 43 44 41 42 27 88 86 87 85 17 67 68 66 65 14 20 0 34 33 35 36 19 8 49 51 50 52 30 93 95 94 96 4 11 56 54 55 53 9 2 38 40 37 39 6 46 48 45 47 23 31 1 16 25 12 58 60 57
97 32
32 98
32 22
32 18
32 28
32 21
32 15
32 24
32 29
32 5
32 27
32 17
32 14
32 20
32 0
32 19
32 8
32 30
32 4
32 11
32 9
32 2
32 6
32 23
32 31
32 1
32 16
32 25
32 12
22 77
22 78
77 79
78 80
18 70
18 69
70 72
69 71
28 89
28 90
89 91
90 92
21 75
21 76
75 73
76 74
15 63
15 64
63 61
64 62
24 82
24 81
82 84
81 83
5 43
5 44
43 41
44 42
27 88
27 87
88 86
87 85
17 67
17 68
67 65
68 66
0 34
0 33
34 36
33 35
8 49
8 50
49 51
50 52
30 93
30 94
93 95
94 96
11 56
11 55
56 54
55 53
2 38
2 37
38 40
37 39
6 46
6 45
46 48
45 47
12 58
12 57
58 60