17 76 78 72 74 13 12 4 6 7 2 1 79 67 69 18 15 70 19 77 53 55 58 50 66 61 8 51 64 16 56 59 5 71 3 14 0 11 10 60 63 20 29 23 26 21 27 28 24 25 22 68 85 57 65 62 52 30 31 96 95 9 32 91 92 89 33 34 35 80 99 97 36 37 38 83 82 39 75 54 40
17 76
17 13
17 53
76 78
78 72
78 74
78 70
78 66
78 65
74 79
13 12
13 4
4 6
4 2
4 19
6 7
7 5
2 1
2 18
2 15
1 8
1 16
79 67
79 69
79 77
79 71
79 68
79 75
69 85
19 3
53 55
53 58
55 61
58 50
58 64
58 52
50 56
50 60
61 51
61 63
56 59
56 57
56 54
3 14
3 0
3 11
3 20
14 9
11 10
63 62
20 29
20 26
20 27
29 23
29 30
23 28
26 21
26 25
28 24
25 22
85 96
85 91
85 99
30 31
31 32
96 95
32 33
91 92
92 89
92 83
89 80
33 34
34 35
35 36
99 97
36 37
37 38
38 39
83 82
39 40