98 32 97 29 92 91 90 89 3 39 40 37 38 9 52 51 50 49 12 58 60 57 59 0 34 33 36 35 27 87 85 88 86 11 56 54 55 53 16 66 68 65 67 8 25 84 82 83 81 13 19 71 69 72 70 10 17 26 1 2 15 63 61 64 62 30 94 96 93 95 14 23 80 79 77 78 5 44 42 43 41 31 24 6 45 46 48 47 28 7 21 76 75
98 32
32 97
32 29
32 3
32 9
32 12
32 0
32 27
32 11
32 16
32 8
32 25
32 13
32 19
32 10
32 17
32 26
32 1
32 2
32 15
32 30
32 14
32 23
32 5
32 31
32 24
32 6
32 28
32 7
32 21
29 92
29 91
92 90
91 89
3 39
3 40
39 37
40 38
9 52
9 51
52 50
51 49
12 58
12 57
58 60
57 59
0 34
0 33
34 36
33 35
27 87
27 88
87 85
88 86
11 56
11 55
56 54
55 53
16 66
16 65
66 68
65 67
25 84
25 83
84 82
83 81
19 71
19 72
71 69
72 70
15 63
15 64
63 61
64 62
30 94
30 93
94 96
93 95
23 80
23 79
80 78
79 77
5 44
5 43
44 42
43 41
6 45
6 46
45 47
46 48
21 76
21 75