4 38 39 37 44 6 43 94 23 96 85 20 86 87 29 1 28 36 3 34 47 7 48 35 73 16 74 75 70 15 71 52 9 54 57 32 2 31 46 88 21 90 80 18 79 81 10 55 66 13 65 67 14 68 97 24 98 83 26 0 27 82 53 64 25
4 38
4 39
4 37
39 94
39 85
37 44
44 6
6 43
94 23
23 96
85 20
20 86
20 87
87 29
29 1
29 36
1 28
28 26
36 3
36 47
36 73
3 34
3 35
47 7
47 67
7 48
7 46
73 16
16 74
16 75
75 70
75 52
70 15
15 71
71 57
52 9
52 32
9 54
9 53
57 10
32 2
2 31
46 88
88 21
21 90
90 80
80 18
18 79
18 81
10 55
55 66
55 82
66 13
13 65
13 64
67 14
14 68
68 97
97 24
24 98
98 83
26 0
0 27
0 25