0 19 21 7 25 26 27 1 22 28 29 2 4 31 32 33 3 20 34 35 6 5 37 38 39 13 24 40 41 42 12 43 44 45 46 47 8 16 50 51 9 15 23 52 53 54 10 18 55 57 11 58 59 60 61 64 65 66 67 70 73 74 75 17 76 77 78 81 82 83 85 86 88 89 93 94 95 97 98 99
0 25
0 27
0 26
19 82
19 83
21 89
21 88
7 47
7 46
25 35
26 53
26 99
1 29
1 28
22 93
29 73
29 93
2 31
2 32
2 33
4 38
4 39
4 37
31 50
31 57
31 78
33 59
3 35
3 34
20 86
20 85
34 61
35 64
6 44
6 45
6 43
5 42
5 41
5 40
37 83
38 52
38 98
13 64
13 66
13 65
24 99
24 97
40 47
12 61
44 59
44 54
47 57
8 51
8 50
16 74
16 75
16 73
9 54
9 53
9 52
15 70
23 94
23 95
54 74
54 94
10 57
10 55
18 81
11 58
11 59
11 60
60 81
64 85
65 67
70 77
17 77
17 78
17 76
77 88