0 1 2 3 4 5 9 10 15 16 17 18 19 20 21 22 26 25 28 29 30 31 32 33 39 40 41 42 43 44 48 49 51 50 52 54 55 56 57 62 63 64 65 69 70 71 72 73 74 76 75 77 79 80 81 82 87 88 89 90 94 95 96 97 98 99
0 1
0 4
0 5
2 3
2 9
3 4
9 10
10 19
15 16
16 17
17 18
18 49
18 19
19 20
20 21
21 22
26 25
26 32
25 29
25 30
28 29
30 39
30 31
31 48
32 33
39 40
40 74
40 41
41 42
42 43
43 44
48 49
51 50
51 57
51 52
50 54
54 63
55 56
55 64
56 73
56 57
62 63
64 65
65 99
69 70
70 71
71 72
72 73
73 74
76 75
76 82
76 77
75 79
79 88
80 81
80 89
81 98
81 82
87 88
89 90
94 95
95 96
96 97
97 98
98 99