50 49 35 30 34 32 36 28 29 39 38 48 47 46 31 57 43 56 33 8 6 9 19 7 5 14 13 10 3 11 45 2 58 15 71 72 0 59 74 40 70 20 21 37 60 18 16 76 87 86 68 69 44 66 42 1 67 22 61 75 4 63 64 41 82 83 23 65 24 51 84 25 73 52 54 88 81 27 77 55 85 12 78
50 49
50 35
49 48
35 30
35 34
35 36
35 39
30 28
30 29
30 33
34 32
28 8
39 38
38 31
48 47
48 57
47 46
47 56
47 51
46 43
46 42
57 58
43 40
43 37
56 71
56 60
8 6
8 7
8 14
6 9
6 5
9 19
19 45
19 44
14 13
14 15
13 10
13 2
13 16
10 3
3 11
3 0
3 4
11 20
11 21
11 18
58 59
71 72
71 70
72 74
0 1
74 76
40 41
70 73
20 22
60 61
76 87
76 75
87 86
87 88
86 68
86 67
68 69
69 66
1 12
22 23
61 63
61 55
75 82
63 64
64 65
82 83
82 81
83 84
23 24
23 27
24 25
51 52
84 85
73 77
52 54
77 78