23 8 19 16 30 2 31 32 33 3 34 35 12 18 6 14 43 44 45 7 24 46 47 48 49 9 53 10 13 15 55 56 57 11 58 59 60 61 62 65 66 67 68 69 22 72 73 74 75 80 81 82 83 84 86 91 92 93 94 97 98 99
23 94
8 49
19 82
19 84
19 83
16 75
16 74
16 73
30 74
2 31
2 32
2 33
31 75
31 98
32 83
3 34
3 35
35 44
12 61
12 62
18 80
18 81
6 43
6 44
6 45
14 69
14 68
14 67
43 69
45 94
7 46
7 47
7 48
24 97
24 98
24 99
46 86
48 55
49 66
9 53
53 57
10 55
10 57
10 56
13 66
13 65
15 72
56 97
11 60
11 58
11 59
58 98
61 81
62 97
65 69
69 84
22 91
22 92
22 93
72 80
75 92