0 1 6 7 2 8 3 4 5 10 11 12 9 14 20 13 15 18 19 21 22 23 17 16 24 26 29 25 31 34 35 28 27 33 32 30 36 37 42 43 44 39 38 41 40 46 47 48 45 95 52 51 50 53 54 56 58 55 75 63 59 60 61 62 64 68 73 67 98 74 76 77 81 82 86 90 93 94 87 91 92 97 96 79 80 83 84 88
0 6
1 6
6 7
6 12
2 8
8 9
3 4
4 11
4 9
5 10
10 11
11 16
12 13
12 19
12 18
9 14
14 20
20 13
13 26
15 21
21 22
22 23
22 17
22 29
17 16
24 31
24 30
24 25
26 32
26 31
26 33
29 34
29 35
29 50
29 51
34 41
35 28
28 27
32 38
30 36
36 37
36 42
36 43
37 44
44 95
39 46
39 38
41 52
40 46
46 47
46 45
47 48
95 96
51 54
50 56
53 56
54 58
56 63
58 75
55 87
63 60
59 60
60 61
61 62
61 64
62 98
64 67
64 68
73 76
98 94
98 74
76 77
77 81
81 82
82 86
86 90
90 93
93 94
87 91
87 84
91 92
91 96
92 97
79 80
80 88
80 83
83 84