0 32 34 38 36 69 70 71 72 73 74 75 76 77 78 79 80 81 82 83 84 85 86 87 88 89 90 92 93 94 95 96 97 98 99 1 30 43 4 37 39 6 7 20 14 11 55 12 23 28 15 59 60 22 18 29 21 35 57 26 25 54 44 33 42 51 64 65 52
0 36
0 32
0 82
0 71
0 80
0 76
0 95
0 98
0 97
0 69
0 92
0 87
0 74
0 72
0 94
0 73
0 83
0 79
0 75
0 85
0 77
0 34
0 38
0 84
0 78
0 70
0 88
0 89
0 99
0 86
0 90
0 93
0 81
0 96
38 7
38 64
38 65
38 25
36 42
36 18
36 6
36 51
78 14
82 20
83 21
84 22
85 23
87 30
99 43
1 30
30 44
4 37
37 28
39 14
39 55
20 29
11 55
12 23
12 28
23 26
28 54
15 59
59 57
60 51
22 57
21 35
35 33
57 52