0 89 3 4 5 38 11 70 76 10 68 26 12 13 41 14 96 15 16 57 17 91 18 19 20 83 46 22 23 77 24 53 25 74 40 29 30 82 86 32 92 54 47 37 69 59 39 64 63 81 56 94 58 67 60 93 66 80 79 71 90 95
0 89
89 90
3 4
4 5
5 38
38 37
11 10
11 12
70 71
70 69
76 77
10 26
68 69
68 67
26 25
12 41
12 13
13 96
13 14
41 40
96 95
15 16
15 57
16 91
16 17
57 56
57 58
17 18
91 90
18 19
19 83
19 20
20 46
83 82
46 47
22 23
22 77
23 24
23 53
24 25
53 54
25 74
40 39
29 82
29 30
30 86
82 81
32 92
92 93
37 59
59 58
59 60
39 64
64 63
81 80
94 95
94 93
67 66
60 93
66 79
80 79