70 72 18 69 71 4 41 42 44 43 5 30 93 94 96 95 11 56 55 54 53 25 83 84 82 81 8 49 51 50 52 3 40 38 39 37 26 86 88 85 87 14 61 63 62 64 23 79 77 80 78 27 1 35 36 34 33 9 0 28 90 92 89 91 20 74 76 73 75 29 24 2 15 32 97 98 7 48 47 45 46 17 68 66 67 65 6 31 12 57 59 58
70 72
70 18
18 69
18 4
18 5
18 30
18 11
18 25
18 8
18 3
18 26
18 14
18 23
18 27
18 1
18 9
18 0
18 28
18 20
18 29
18 24
18 2
18 15
18 32
18 7
18 17
18 6
18 31
18 12
69 71
4 41
4 42
41 43
42 44
30 93
30 94
93 95
94 96
11 56
11 55
56 54
55 53
25 83
25 84
83 81
84 82
8 49
8 50
49 51
50 52
3 40
3 39
40 38
39 37
26 86
26 85
86 88
85 87
14 61
14 62
61 63
62 64
23 79
23 80
79 77
80 78
1 35
1 36
35 33
36 34
28 90
28 89
90 92
89 91
20 74
20 73
74 76
73 75
32 97
32 98
7 48
7 47
48 46
47 45
17 68
17 67
68 66
67 65
12 57
12 58
57 59