0 1 7 3 2 9 14 13 20 6 8 16 17 10 15 12 18 51 21 22 37 43 25 23 27 28 29 54 26 61 57 30 44 58 80 35 34 40 38 36 48 41 42 45 46 47 49 82 73 56 62 59 74 60 64 69 72 66 88 67 71 68 90 97 76 79 84 77 93 78 87 81 99
0 1
0 7
1 3
7 8
7 6
3 14
2 9
9 17
13 10
13 51
20 23
20 27
8 16
16 43
16 37
17 21
10 15
15 12
15 21
18 51
18 25
21 29
21 28
22 28
43 38
43 30
25 54
27 26
27 61
28 57
61 60
57 58
57 56
30 58
30 80
30 44
44 42
58 59
58 74
80 78
35 38
35 34
40 41
40 36
40 42
38 48
48 49
41 45
42 46
47 49
47 82
49 73
82 81
56 62
59 60
74 79
74 71
60 72
60 64
60 69
64 66
64 88
69 68
69 90
72 76
88 99
67 71
90 97
76 77
84 81
77 93
78 87