0 26 62 63 65 66 69 70 71 72 73 74 75 76 77 78 79 80 81 82 83 84 85 86 90 91 92 93 94 95 96 97 99 1 3 2 43 25 23 4 38 7 6 48 12 49 10 20 11 31 60 16 15 41 29 17 18 57 24 53 55 59 40 36
0 26
0 86
0 72
0 92
0 83
0 77
0 99
0 70
0 96
0 82
0 94
0 80
0 63
0 62
0 91
0 69
0 97
0 73
0 93
0 66
0 76
0 71
0 85
0 75
0 78
0 90
0 74
0 81
0 95
0 84
0 79
0 65
26 55
26 53
26 3
83 31
96 49
1 3
3 25
3 23
2 43
43 31
43 15
25 10
23 18
4 38
38 6
7 12
6 48
48 17
12 16
10 20
11 31
11 60
31 40
31 24
60 17
16 29
15 41
41 57
29 59
59 36
40 36