0 29 55 56 58 59 60 61 62 64 66 69 71 72 73 74 75 77 78 79 80 82 83 84 85 86 87 88 90 91 92 96 1 43 2 28 12 5 8 42 6 7 40 48 24 14 23 41 54 53 35 49 18 30 25 50 26 34 36 45 44 47
0 29
0 85
0 77
0 86
0 55
0 88
0 59
0 58
0 66
0 64
0 69
0 73
0 80
0 96
0 78
0 56
0 61
0 75
0 92
0 74
0 91
0 90
0 87
0 72
0 71
0 83
0 82
0 79
0 62
0 60
0 84
59 5
69 18
74 25
86 40
1 43
43 18
2 28
28 8
12 41
12 23
12 54
5 6
5 8
5 42
42 49
7 48
7 40
7 24
14 35
41 25
41 45
53 25
35 25
18 30
25 50
50 44
26 34
26 36
36 45
44 47