98 32 97 30 94 93 95 96 20 74 76 73 75 25 83 81 84 82 9 51 49 52 50 23 79 80 78 77 3 39 37 40 38 17 67 65 68 66 11 56 54 55 53 7 48 47 45 46 4 42 41 44 43 26 85 86 88 87 31 1 36 34 35 33 18 70 72 69 71 21 13 59 57 60 58 2 29 91 92 89 90 16 6 27 22 12 8 28 24 10 15 64 62 63
98 32
32 97
32 30
32 20
32 25
32 9
32 23
32 3
32 17
32 11
32 7
32 4
32 26
32 31
32 1
32 18
32 21
32 13
32 2
32 29
32 16
32 6
32 27
32 22
32 12
32 8
32 28
32 24
32 10
32 15
30 94
30 93
94 96
93 95
20 74
20 73
74 76
73 75
25 83
25 84
83 81
84 82
9 51
9 52
51 49
52 50
23 79
23 80
79 77
80 78
3 39
3 40
39 37
40 38
17 67
17 68
67 65
68 66
11 56
11 55
56 54
55 53
7 48
7 47
48 46
47 45
4 42
4 41
42 44
41 43
26 85
26 86
85 87
86 88
1 36
1 35
36 34
35 33
18 70
18 69
70 72
69 71
13 59
13 60
59 57
60 58
29 91
29 92
91 89
92 90
15 64
15 63
64 62