0 20 10 56 58 59 61 63 64 65 69 71 72 76 77 79 80 81 82 83 85 86 87 88 89 90 91 1 9 97 99 2 24 4 51 23 46 5 30 41 45 6 55 8 13 35 33 36 17 11 12 54 16 27 18 48 19 50 43 29 31 42 52 37 44
0 20
0 10
0 82
0 79
0 76
0 86
0 56
0 71
0 90
0 61
0 81
0 87
0 58
0 65
0 85
0 64
0 88
0 59
0 63
0 91
0 72
0 77
0 83
0 89
0 80
0 69
20 24
20 11
10 99
56 2
58 5
61 9
64 13
76 35
79 42
83 46
87 50
1 97
9 36
97 8
4 51
4 46
23 43
46 19
46 6
5 45
5 30
5 41
41 29
6 55
55 44
8 35
8 33
13 16
35 18
33 17
17 12
54 42
16 27
18 48
48 37
43 42
31 42
52 44