0 1 2 3 4 5 6 10 11 14 8 27 28 38 15 16 20 25 26 24 33 35 32 30 41 31 43 46 49 40 44 45 50 51 52 53 48 57 58 59 54 55 60 64 66 67 69 61 62 68 71 74 76 98 70 72 75 77 80 84 86 89 81 82 83 88 90 92 93 85 94 96
0 1
0 10
0 11
1 2
2 3
3 4
4 14
5 14
5 6
10 20
14 15
8 27
27 16
27 28
28 38
15 25
15 26
15 16
25 35
25 24
24 33
33 32
35 46
32 41
30 41
41 51
41 50
41 31
41 40
41 52
43 52
46 45
49 59
44 45
44 53
50 60
48 57
48 58
57 67
58 69
59 69
54 55
54 64
55 66
60 71
64 74
66 76
66 67
67 98
67 68
61 62
62 71
71 72
71 80
71 70
74 84
76 77
76 86
76 75
98 88
72 84
80 90
80 81
86 96
89 88
81 82
82 83
83 93
83 92
93 94
85 94