97 32 98 10 53 54 56 55 20 74 76 73 75 12 58 60 57 59 24 82 84 81 83 5 44 42 43 41 18 70 72 69 71 22 78 80 77 79 31 95 93 96 94 28 90 92 89 91 13 26 86 88 85 87 2 38 40 37 39 19 27 15 63 64 62 61 8 50 52 49 51 3 17 67 65 68 66 21 11 9 30 7 48 46 47 45 16 6 23 0 33 34
97 32
32 98
32 10
32 20
32 12
32 24
32 5
32 18
32 22
32 31
32 28
32 13
32 26
32 2
32 19
32 27
32 15
32 8
32 3
32 17
32 21
32 11
32 9
32 30
32 7
32 16
32 6
32 23
32 0
10 53
10 54
53 55
54 56
20 74
20 73
74 76
73 75
12 58
12 57
58 60
57 59
24 82
24 81
82 84
81 83
5 44
5 43
44 42
43 41
18 70
18 69
70 72
69 71
22 78
22 77
78 80
77 79
31 95
31 96
95 93
96 94
28 90
28 89
90 92
89 91
26 86
26 85
86 88
85 87
2 38
2 37
38 40
37 39
15 63
15 64
63 61
64 62
8 50
8 49
50 52
49 51
17 67
17 68
67 65
68 66
7 48
7 47
48 46
47 45
0 33
0 34