0 1 2 3 4 5 6 7 8 9 10 18 19 22 23 25 26 28 29 30 31 32 33 34 35 36 37 40 44 45 48 50 51 52 54 57 58 59 60 61 62 63 64 65 66 67 68 69 71 72 73 74 75 76 77 78 79 81 90 91
0 71
0 1
0 2
0 4
0 6
0 7
0 9
0 8
0 10
0 18
3 71
5 71
18 19
22 23
22 25
25 50
25 26
25 28
25 29
25 30
25 31
25 32
25 33
25 34
25 35
26 36
36 37
40 44
44 71
44 45
45 48
50 60
50 57
50 51
50 52
50 54
50 58
50 59
57 71
60 61
60 81
61 62
62 63
63 64
64 65
65 66
66 67
67 68
68 69
71 72
72 73
73 74
74 75
75 76
76 77
77 78
78 79
81 90
90 91