92 1 11 29 33 70 2 37 3 52 61 63 4 21 5 53 95 6 8 66 64 99 35 9 16 62 69 10 13 58 81 41 12 22 25 28 43 74 15 48 98 18 31 67 17 40 42 50 47 20 36 39 97 27 85 96 32 73 54 49 51 38 77 88 93 84 75
92 3
1 70
11 61
29 39
29 66
29 15
29 6
29 2
33 3
33 70
70 40
37 16
37 58
37 49
52 74
61 8
61 12
63 16
63 6
4 21
21 99
5 53
53 38
53 9
95 81
95 77
8 35
66 74
66 43
66 20
64 69
64 75
99 12
99 25
99 51
35 41
9 16
9 69
16 25
16 67
16 18
62 58
10 13
10 81
13 43
41 42
22 50
22 28
25 48
28 17
48 98
48 31
98 40
98 17
31 73
42 84
50 85
47 93
47 32
20 36
39 96
97 32
27 96
85 54
38 93
88 84