0 1 2 3 4 5 8 9 10 11 12 13 14 15 16 17 18 19 20 23 24 25 26 27 28 29 30 31 32 33 34 35 36 37 38 39 40 41 42 43 60 61 62 63 64 65 66 67 68 69 70 71 72 73 80 79 76 81 82 92 94 95 83 84 85 86 59
0 59
0 1
1 2
2 3
3 4
4 5
8 9
9 10
10 11
11 12
12 68
12 13
13 14
14 15
15 16
16 17
17 18
18 19
19 20
23 24
24 25
25 26
26 27
27 28
28 29
29 30
30 31
31 32
32 33
33 34
34 35
35 36
35 60
36 37
37 85
37 38
38 39
38 84
39 40
39 83
40 41
41 42
42 43
60 61
61 62
61 80
62 63
63 64
64 65
64 69
65 66
66 67
67 68
69 70
70 71
70 81
71 72
72 76
72 73
80 79
81 82
82 92
92 94
94 95
83 86
86 59