0 68 35 74 75 77 78 79 80 82 84 85 87 88 89 90 91 93 94 95 97 98 99 15 2 70 3 11 8 4 34 46 5 43 6 17 67 59 7 18 29 19 72 13 45 39 58 16 63 47 20 38 28 30 36 41 37 40 42 65 51 61
0 68
0 77
0 98
0 79
0 97
0 35
0 90
0 75
0 74
0 89
0 93
0 94
0 78
0 95
0 82
0 84
0 80
0 91
0 85
0 99
0 87
0 88
68 13
68 42
68 61
68 63
75 6
84 18
90 28
15 16
15 63
2 70
70 30
70 18
3 8
3 11
8 67
4 34
4 46
46 30
5 43
43 36
43 28
6 17
6 67
17 47
59 29
59 58
7 18
7 29
19 39
72 58
13 45
13 39
47 20
47 65
38 37
38 36
36 41
40 42
51 61