97 32 98 18 69 70 72 71 30 94 93 96 95 14 62 64 61 63 15 4 41 43 42 44 25 84 82 83 81 3 40 38 39 37 13 59 57 60 58 9 51 49 52 50 27 88 87 85 86 7 48 46 47 45 1 35 36 34 33 20 74 76 73 75 16 66 65 68 67 12 2 29 92 90 91 89 19 0 8 6 17 5 24 21 11 56 54 55 53 26 23 80 78 79
97 32
32 98
32 18
32 30
32 14
32 15
32 4
32 25
32 3
32 13
32 9
32 27
32 7
32 1
32 20
32 16
32 12
32 2
32 29
32 19
32 0
32 8
32 6
32 17
32 5
32 24
32 21
32 11
32 26
32 23
18 69
18 70
69 71
70 72
30 94
30 93
94 96
93 95
14 62
14 61
62 64
61 63
4 41
4 42
41 43
42 44
25 84
25 83
84 82
83 81
3 40
3 39
40 38
39 37
13 59
13 60
59 57
60 58
9 51
9 52
51 49
52 50
27 88
27 87
88 86
87 85
7 48
7 47
48 46
47 45
1 35
1 36
35 33
36 34
20 74
20 73
74 76
73 75
16 66
16 65
66 68
65 67
29 92
29 91
92 90
91 89
11 56
11 55
56 54
55 53
23 80
23 79
80 78