67 65 16 66 68 9 51 49 52 50 29 92 90 91 89 3 39 37 40 38 5 44 43 41 42 13 59 60 57 58 19 71 69 72 70 27 87 85 88 86 20 73 75 74 76 15 63 61 64 62 2 10 53 55 54 56 26 28 14 0 33 35 34 36 31 95 93 96 94 32 97 98 1 21 24 81 83 82 84 22 78 80 77 79 7 48 46 47
67 65
65 16
16 66
16 9
16 29
16 3
16 5
16 13
16 19
16 27
16 20
16 15
16 2
16 10
16 26
16 28
16 14
16 0
16 31
16 32
16 1
16 21
16 24
16 22
16 7
66 68
9 51
9 52
51 49
52 50
29 92
29 91
92 90
91 89
3 39
3 40
39 37
40 38
5 44
5 43
44 42
43 41
13 59
13 60
59 57
60 58
19 71
19 72
71 69
72 70
27 87
27 88
87 85
88 86
20 73
20 74
73 75
74 76
15 63
15 64
63 61
64 62
10 53
10 54
53 55
54 56
0 33
0 34
33 35
34 36
31 95
31 96
95 93
96 94
32 97
32 98
24 81
24 82
81 83
82 84
22 78
22 77
78 80
77 79
7 48
7 47
48 46