0 9 25 26 8 20 2 24 31 3 4 11 34 35 36 12 38 39 5 15 41 42 6 43 7 47 48 17 49 50 51 53 10 21 55 56 57 59 60 61 62 63 69 70 71 72 76 19 82 83 84 85 86 87 88 89 90 92 94 97 98
0 25
0 26
9 53
25 59
26 56
8 51
8 49
8 50
20 87
20 85
20 86
2 31
24 97
24 98
31 36
3 34
3 36
3 35
4 39
4 38
11 59
11 60
34 55
35 86
12 61
12 63
12 62
38 71
5 41
5 42
15 72
15 70
15 71
41 86
6 43
43 88
7 47
7 48
48 57
48 76
17 76
49 97
50 71
53 70
10 56
10 57
10 55
21 88
21 89
21 90
61 85
61 71
69 98
70 94
19 82
19 84
19 83
82 86
86 88
88 92