50 49 48 47 46 45 44 43 42 41 40 51 52 99 39 38 37 36 35 34 53 33 54 55 56 57 32 31 30 29 28 27 58 59 60 26 61 25 24 23 22 62 63 64 21 20 19 65 18 66 17 16 67 15 14 13 12 68 11 69 70 10 71 72 9 73 8 7 74 75 6 5 76 4 98 97 96 95 94 93 92 91 90 89 88 87 86 85 3 84 77 78 83 2 82 1 81
50 49
50 51
50 99
49 48
48 47
47 46
46 45
45 44
44 43
43 42
42 41
41 40
40 39
51 52
52 53
99 98
39 38
38 37
37 36
36 35
35 34
34 33
53 54
33 32
54 55
55 56
56 57
57 58
32 31
31 30
30 29
29 28
28 27
27 26
58 59
59 60
60 61
26 25
61 62
25 24
24 23
23 22
22 21
62 63
63 64
64 65
21 20
20 19
19 18
65 66
18 17
66 67
17 16
16 15
67 68
15 14
14 13
13 12
12 11
68 69
11 10
69 70
70 71
10 9
71 72
72 73
9 8
73 74
8 7
7 6
74 75
75 76
6 5
5 4
76 77
4 3
98 97
97 96
96 95
95 94
94 93
93 92
92 91
91 90
90 89
89 88
88 87
87 86
86 85
85 84
3 2
84 83
77 78
83 82
2 1
82 81