1 2 96 97 98 5 7 8 9 10 11 12 13 14 16 17 18 20 22 23 24 25 26 27 29 30 31 32 33 34 35 36 37 38 39 40 41 42 43 44 45 46 47 48 49 50 51 52 53 54 55 56 57 58 59 60 62 64 66 68 69 71 74 75 78 80 82 83 86 93
1 98
1 97
2 5
2 98
96 93
96 97
5 7
7 8
8 9
9 10
10 12
11 13
11 14
12 13
14 17
16 18
16 17
18 20
20 22
22 24
22 25
22 23
23 26
26 27
27 29
29 31
30 31
31 33
32 33
33 34
33 35
34 36
36 39
37 38
38 39
38 41
40 42
40 43
41 42
43 45
43 44
45 48
45 46
47 50
48 49
48 51
48 50
51 53
52 53
53 54
54 56
54 57
55 57
56 59
56 58
57 60
60 62
62 64
64 66
66 68
68 69
69 71
71 74
74 75
75 78
78 80
80 82
82 83
83 86